<?xml version="1.0" encoding="UTF-8"?>
<!-- Generated by org.testng.reporters.JUnitReportReporter -->
<testsuite hostname="LAPTOP-QS6OB0P6" name="org.gmail.com.TC001_Gmail_LoginValidation" tests="1" failures="0" timestamp="18 Aug 2022 09:29:05 GMT" time="71.658" errors="0">
  <testcase name="gmailLoginValidation" time="71.658" classname="org.gmail.com.TC001_Gmail_LoginValidation"/>
</testsuite> <!-- org.gmail.com.TC001_Gmail_LoginValidation -->
