<?xml version="1.0" encoding="UTF-8"?>
<!-- Generated by org.testng.reporters.JUnitReportReporter -->
<testsuite hostname="LAPTOP-QS6OB0P6" name="org.gmail.com.Naukri_AutoUpdation" tests="1" failures="0" timestamp="19 Aug 2022 07:29:45 GMT" time="27.957" errors="0">
  <testcase name="naukriAutoUpdation" time="27.957" classname="org.gmail.com.Naukri_AutoUpdation"/>
</testsuite> <!-- org.gmail.com.Naukri_AutoUpdation -->
